TN:
SF:lib\config\unitInterface.js
FNF:0
FNH:0
DA:1,2
DA:6,2
DA:11,2
DA:12,2
LF:4
LH:4
BRF:0
BRH:0
end_of_record
TN:
SF:lib\core\co2Calculator.js
FN:5,(anonymous_0)
FN:12,(anonymous_1)
FN:23,(anonymous_2)
FN:29,(anonymous_3)
FNF:4
FNH:4
FNDA:8,(anonymous_0)
FNDA:8,(anonymous_1)
FNDA:2,(anonymous_2)
FNDA:4,(anonymous_3)
DA:1,1
DA:2,1
DA:6,8
DA:7,8
DA:8,8
DA:9,8
DA:14,8
DA:15,2
DA:18,6
DA:19,2
DA:24,2
DA:25,2
DA:26,2
DA:30,4
DA:31,2
DA:37,1
LF:16
LH:16
BRDA:14,0,0,2
BRDA:14,0,1,6
BRDA:14,1,0,8
BRDA:14,1,1,7
BRDA:18,2,0,2
BRDA:18,2,1,4
BRDA:30,3,0,2
BRDA:30,3,1,2
BRDA:30,4,0,4
BRDA:30,4,1,4
BRF:10
BRH:10
end_of_record
TN:
SF:lib\core\emissionFormatter.js
FN:4,(anonymous_0)
FN:10,(anonymous_1)
FN:14,(anonymous_2)
FNF:3
FNH:3
FNDA:6,(anonymous_0)
FNDA:2,(anonymous_1)
FNDA:6,(anonymous_2)
DA:1,1
DA:5,6
DA:6,6
DA:7,6
DA:11,2
DA:15,6
DA:17,3
DA:18,1
DA:19,1
DA:21,2
DA:23,3
DA:24,2
DA:29,1
LF:13
LH:13
BRDA:15,0,0,3
BRDA:15,0,1,3
BRDA:17,1,0,1
BRDA:17,1,1,2
BRDA:17,2,0,3
BRDA:17,2,1,3
BRDA:23,3,0,2
BRDA:23,3,1,1
BRF:8
BRH:8
end_of_record
